2024-10-08 22:13:01 [http-nio-8080-exec-4] INFO  ImsController:48 - Create-Category Query executed in 161ms
2024-10-08 22:13:20 [http-nio-8080-exec-5] INFO  ImsController:38 - Create-Product Query executed in 100ms
2024-10-08 22:15:37 [http-nio-8080-exec-4] INFO  ImsController:38 - Create-Product Query executed in 19ms
2024-10-08 22:40:14 [http-nio-8080-exec-2] INFO  ImsController:115 - Update-Category Query executed in 118ms
2024-10-08 22:40:37 [http-nio-8080-exec-3] INFO  ImsController:115 - Update-Category Query executed in 9ms
2024-10-08 22:40:53 [http-nio-8080-exec-1] INFO  ImsController:115 - Update-Category Query executed in 22ms
2024-10-08 22:40:54 [http-nio-8080-exec-2] INFO  ImsController:115 - Update-Category Query executed in 12ms
2024-10-08 22:42:52 [http-nio-8080-exec-2] INFO  ImsController:48 - Create-Category Query executed in 78ms
2024-10-08 23:01:31 [http-nio-8080-exec-5] INFO  ImsController:58 - Create-User Query executed in 6ms
2024-10-08 23:02:04 [http-nio-8080-exec-6] INFO  ImsController:58 - Create-User Query executed in 6ms
2024-10-08 23:02:49 [http-nio-8080-exec-7] INFO  ImsController:141 - Sell Query executed in 33ms
2024-10-08 23:03:25 [http-nio-8080-exec-8] INFO  ImsController:151 - Restock Query executed in 16ms
2024-10-08 23:05:32 [http-nio-8080-exec-2] INFO  ImsController:151 - Restock Query executed in 15ms
2024-10-08 23:06:18 [http-nio-8080-exec-2] INFO  ImsController:151 - Restock Query executed in 17ms
2024-10-08 23:06:40 [http-nio-8080-exec-3] INFO  ImsController:141 - Sell Query executed in 14ms
2024-10-08 23:06:50 [http-nio-8080-exec-4] INFO  ImsController:141 - Sell Query executed in 5ms
2024-10-08 23:10:51 [http-nio-8080-exec-7] INFO  ImsController:151 - Restock Query executed in 14ms
2024-10-08 23:11:14 [http-nio-8080-exec-10] INFO  ImsController:151 - Restock Query executed in 5ms
2024-10-08 23:13:11 [http-nio-8080-exec-3] INFO  ImsController:130 - Update-Product Query executed in 8ms
2024-10-09 09:51:11 [http-nio-8080-exec-4] INFO  ImsController:151 - Restock Query executed in 410ms
2024-10-09 09:51:42 [http-nio-8080-exec-5] INFO  ImsController:141 - Sell Query executed in 38ms
2024-10-09 09:53:21 [http-nio-8080-exec-8] INFO  ImsController:48 - Create-Category Query executed in 15ms
2024-10-09 09:54:01 [http-nio-8080-exec-9] INFO  ImsController:38 - Create-Product Query executed in 23ms
2024-10-09 09:54:35 [http-nio-8080-exec-10] INFO  ImsController:72 - Get-Product Query executed in 337ms
2024-10-09 09:55:18 [http-nio-8080-exec-1] INFO  ImsController:72 - Get-Product Query executed in 28ms
2024-10-09 09:55:46 [http-nio-8080-exec-2] INFO  ImsController:72 - Get-Product Query executed in 0ms
2024-10-09 09:56:03 [http-nio-8080-exec-3] INFO  ImsController:83 - Get-Category Query executed in 7ms
2024-10-09 10:12:02 [http-nio-8080-exec-1] INFO  ImsController:72 - Get-Product Query executed in 466ms
2024-10-09 10:12:40 [http-nio-8080-exec-2] INFO  ImsController:72 - Get-Product Query executed in 23ms
2024-10-09 10:12:55 [http-nio-8080-exec-3] INFO  ImsController:72 - Get-Product Query executed in 33ms
2024-10-09 10:51:34 [http-nio-8080-exec-1] INFO  ImsController:72 - Get-Product Query executed in 576ms
2024-10-09 10:51:48 [http-nio-8080-exec-3] INFO  ImsController:72 - Get-Product Query executed in 22ms
2024-10-09 10:52:07 [http-nio-8080-exec-4] INFO  ImsController:72 - Get-Product Query executed in 18ms
2024-10-09 10:52:32 [http-nio-8080-exec-5] INFO  ImsController:38 - Create-Product Query executed in 115ms
2024-10-09 10:52:47 [http-nio-8080-exec-6] INFO  ImsController:72 - Get-Product Query executed in 0ms
2024-10-09 10:54:00 [http-nio-8080-exec-9] INFO  ImsController:130 - Update-Product Query executed in 58ms
2024-10-09 10:54:10 [http-nio-8080-exec-10] INFO  ImsController:72 - Get-Product Query executed in 0ms
